# JRE version: OpenJDK Runtime Environment Temurin-17.0.9+9 (17.0.9+9) (build 17.0.9+9)
# Java VM: OpenJDK 64-Bit Server VM Temurin-17.0.9+9 (17.0.9+9, mixed mode, tiered, compressed oops, compressed class ptrs, g1 gc, windows-amd64)
GC Precious Log:
 CPUs: 8 total, 8 available
 Memory: 7505M
 Large Page Support: Disabled
 NUMA Support: Disabled
 Compressed Oops: Enabled (32-bit)
 Heap Region Size: 1M
 Heap Min Capacity: 8M
 Heap Initial Capacity: 118M
 Heap Max Capacity: 1878M
 Pre-touch: Disabled
 Parallel Workers: 8
 Concurrent Workers: 2
 Concurrent Refinement Workers: 8
 Periodic GC: Disabled
Heap:
 garbage-first heap   total 313344K, used 148431K [0x000000008aa00000, 0x0000000100000000)
  region size 1024K, 1 young (1024K), 1 survivors (1024K)
 Metaspace       used 36881K, committed 37120K, reserved 1114112K
  class space    used 4448K, committed 4544K, reserved 1048576K
GC Heap History (20 events):
Event: 26.017 GC heap after
{Heap after GC invocations=27 (full 0):
 garbage-first heap   total 131072K, used 60290K [0x000000008aa00000, 0x0000000100000000)
  region size 1024K, 2 young (2048K), 2 survivors (2048K)
 Metaspace       used 36450K, committed 36672K, reserved 1114112K
  class space    used 4427K, committed 4544K, reserved 1048576K
}
Event: 28.322 GC heap before
{Heap before GC invocations=28 (full 0):
 garbage-first heap   total 131072K, used 123778K [0x000000008aa00000, 0x0000000100000000)
  region size 1024K, 9 young (9216K), 2 survivors (2048K)
 Metaspace       used 36840K, committed 37056K, reserved 1114112K
  class space    used 4448K, committed 4544K, reserved 1048576K
}
Event: 28.324 GC heap after
{Heap after GC invocations=29 (full 0):
 garbage-first heap   total 131072K, used 120097K [0x000000008aa00000, 0x0000000100000000)
  region size 1024K, 3 young (3072K), 3 survivors (3072K)
 Metaspace       used 36840K, committed 37056K, reserved 1114112K
  class space    used 4448K, committed 4544K, reserved 1048576K
}
Event: 28.437 GC heap before
{Heap before GC invocations=29 (full 0):
 garbage-first heap   total 131072K, used 124193K [0x000000008aa00000, 0x0000000100000000)
  region size 1024K, 4 young (4096K), 3 survivors (3072K)
 Metaspace       used 36846K, committed 37056K, reserved 1114112K
  class space    used 4448K, committed 4544K, reserved 1048576K
}
Event: 28.440 GC heap after
{Heap after GC invocations=30 (full 0):
 garbage-first heap   total 131072K, used 123857K [0x000000008aa00000, 0x0000000100000000)
  region size 1024K, 1 young (1024K), 1 survivors (1024K)
 Metaspace       used 36846K, committed 37056K, reserved 1114112K
  class space    used 4448K, committed 4544K, reserved 1048576K
}
Event: 28.492 GC heap before
{Heap before GC invocations=30 (full 0):
 garbage-first heap   total 131072K, used 125905K [0x000000008aa00000, 0x0000000100000000)
  region size 1024K, 2 young (2048K), 1 survivors (1024K)
 Metaspace       used 36846K, committed 37056K, reserved 1114112K
  class space    used 4448K, committed 4544K, reserved 1048576K
}
Event: 28.493 GC heap after
{Heap after GC invocations=31 (full 0):
 garbage-first heap   total 131072K, used 125834K [0x000000008aa00000, 0x0000000100000000)
  region size 1024K, 1 young (1024K), 1 survivors (1024K)
 Metaspace       used 36846K, committed 37056K, reserved 1114112K
  class space    used 4448K, committed 4544K, reserved 1048576K
}
Event: 28.558 GC heap before
{Heap before GC invocations=32 (full 0):
 garbage-first heap   total 217088K, used 127882K [0x000000008aa00000, 0x0000000100000000)
  region size 1024K, 2 young (2048K), 1 survivors (1024K)
 Metaspace       used 36854K, committed 37056K, reserved 1114112K
  class space    used 4448K, committed 4544K, reserved 1048576K
}
Event: 28.559 GC heap after
{Heap after GC invocations=33 (full 0):
 garbage-first heap   total 217088K, used 127877K [0x000000008aa00000, 0x0000000100000000)
  region size 1024K, 1 young (1024K), 1 survivors (1024K)
 Metaspace       used 36854K, committed 37056K, reserved 1114112K
  class space    used 4448K, committed 4544K, reserved 1048576K
}
Event: 28.618 GC heap before
{Heap before GC invocations=34 (full 0):
 garbage-first heap   total 220160K, used 129925K [0x000000008aa00000, 0x0000000100000000)
  region size 1024K, 2 young (2048K), 1 survivors (1024K)
 Metaspace       used 36862K, committed 37056K, reserved 1114112K
  class space    used 4448K, committed 4544K, reserved 1048576K
}
Event: 28.622 GC heap after
{Heap after GC invocations=35 (full 0):
 garbage-first heap   total 313344K, used 129930K [0x000000008aa00000, 0x0000000100000000)
  region size 1024K, 1 young (1024K), 1 survivors (1024K)
 Metaspace       used 36862K, committed 37056K, reserved 1114112K
  class space    used 4448K, committed 4544K, reserved 1048576K
}
Event: 28.881 GC heap before
{Heap before GC invocations=35 (full 0):
 garbage-first heap   total 313344K, used 140170K [0x000000008aa00000, 0x0000000100000000)
  region size 1024K, 2 young (2048K), 1 survivors (1024K)
 Metaspace       used 36874K, committed 37056K, reserved 1114112K
  class space    used 4448K, committed 4544K, reserved 1048576K
}
Event: 28.882 GC heap after
{Heap after GC invocations=36 (full 0):
 garbage-first heap   total 313344K, used 140208K [0x000000008aa00000, 0x0000000100000000)
  region size 1024K, 1 young (1024K), 1 survivors (1024K)
 Metaspace       used 36874K, committed 37056K, reserved 1114112K
  class space    used 4448K, committed 4544K, reserved 1048576K
}
Event: 28.940 GC heap before
{Heap before GC invocations=36 (full 0):
 garbage-first heap   total 313344K, used 142256K [0x000000008aa00000, 0x0000000100000000)
  region size 1024K, 2 young (2048K), 1 survivors (1024K)
 Metaspace       used 36875K, committed 37056K, reserved 1114112K
  class space    used 4448K, committed 4544K, reserved 1048576K
}
Event: 28.942 GC heap after
{Heap after GC invocations=37 (full 0):
 garbage-first heap   total 313344K, used 142261K [0x000000008aa00000, 0x0000000100000000)
  region size 1024K, 1 young (1024K), 1 survivors (1024K)
 Metaspace       used 36875K, committed 37056K, reserved 1114112K
  class space    used 4448K, committed 4544K, reserved 1048576K
}
Event: 28.999 GC heap before
{Heap before GC invocations=38 (full 0):
 garbage-first heap   total 313344K, used 144309K [0x000000008aa00000, 0x0000000100000000)
  region size 1024K, 2 young (2048K), 1 survivors (1024K)
 Metaspace       used 36876K, committed 37120K, reserved 1114112K
  class space    used 4448K, committed 4544K, reserved 1048576K
}
Event: 29.001 GC heap after
{Heap after GC invocations=39 (full 0):
 garbage-first heap   total 313344K, used 144320K [0x000000008aa00000, 0x0000000100000000)
  region size 1024K, 1 young (1024K), 1 survivors (1024K)
 Metaspace       used 36876K, committed 37120K, reserved 1114112K
  class space    used 4448K, committed 4544K, reserved 1048576K
}
Event: 29.049 GC heap before
{Heap before GC invocations=40 (full 0):
 garbage-first heap   total 313344K, used 146368K [0x000000008aa00000, 0x0000000100000000)
  region size 1024K, 2 young (2048K), 1 survivors (1024K)
 Metaspace       used 36876K, committed 37120K, reserved 1114112K
  class space    used 4448K, committed 4544K, reserved 1048576K
}
Event: 29.052 GC heap after
{Heap after GC invocations=41 (full 0):
 garbage-first heap   total 313344K, used 146375K [0x000000008aa00000, 0x0000000100000000)
  region size 1024K, 1 young (1024K), 1 survivors (1024K)
 Metaspace       used 36876K, committed 37120K, reserved 1114112K
  class space    used 4448K, committed 4544K, reserved 1048576K
}
Event: 29.110 GC heap before
{Heap before GC invocations=42 (full 0):
 garbage-first heap   total 313344K, used 148423K [0x000000008aa00000, 0x0000000100000000)
  region size 1024K, 2 young (2048K), 1 survivors (1024K)
 Metaspace       used 36881K, committed 37120K, reserved 1114112K
  class space    used 4448K, committed 4544K, reserved 1048576K
}

